-------------------------------------------------------------------------------
Test set: com.jsonplaceholder.config.SecurityConfigTest
-------------------------------------------------------------------------------
Tests run: 3, Failures: 2, Errors: 0, Skipped: 0, Time elapsed: 3.332 s <<< FAILURE! -- in com.jsonplaceholder.config.SecurityConfigTest
com.jsonplaceholder.config.SecurityConfigTest.swaggerEndpoints_ShouldBeAccessible -- Time elapsed: 0.239 s <<< FAILURE!
java.lang.AssertionError: Status expected:<200> but was:<500>
	at org.springframework.test.util.AssertionErrors.fail(AssertionErrors.java:59)
	at org.springframework.test.util.AssertionErrors.assertEquals(AssertionErrors.java:122)
	at org.springframework.test.web.servlet.result.StatusResultMatchers.lambda$matcher$9(StatusResultMatchers.java:637)
	at org.springframework.test.web.servlet.MockMvc$1.andExpect(MockMvc.java:214)
	at com.jsonplaceholder.config.SecurityConfigTest.swaggerEndpoints_ShouldBeAccessible(SecurityConfigTest.java:56)
	at java.base/java.lang.reflect.Method.invoke(Method.java:569)
	at java.base/java.util.ArrayList.forEach(ArrayList.java:1511)
	at java.base/java.util.ArrayList.forEach(ArrayList.java:1511)

com.jsonplaceholder.config.SecurityConfigTest.publicEndpoints_ShouldBeAccessible -- Time elapsed: 0.693 s <<< FAILURE!
java.lang.AssertionError: Status expected:<401> but was:<400>
	at org.springframework.test.util.AssertionErrors.fail(AssertionErrors.java:59)
	at org.springframework.test.util.AssertionErrors.assertEquals(AssertionErrors.java:122)
	at org.springframework.test.web.servlet.result.StatusResultMatchers.lambda$matcher$9(StatusResultMatchers.java:637)
	at org.springframework.test.web.servlet.MockMvc$1.andExpect(MockMvc.java:214)
	at com.jsonplaceholder.config.SecurityConfigTest.publicEndpoints_ShouldBeAccessible(SecurityConfigTest.java:34)
	at java.base/java.lang.reflect.Method.invoke(Method.java:569)
	at java.base/java.util.ArrayList.forEach(ArrayList.java:1511)
	at java.base/java.util.ArrayList.forEach(ArrayList.java:1511)

