-------------------------------------------------------------------------------
Test set: com.jsonplaceholder.controller.AuthControllerIntegrationTest
-------------------------------------------------------------------------------
Tests run: 4, Failures: 1, Errors: 2, Skipped: 0, Time elapsed: 1.245 s <<< FAILURE! -- in com.jsonplaceholder.controller.AuthControllerIntegrationTest
com.jsonplaceholder.controller.AuthControllerIntegrationTest.register_DuplicateEmail_ReturnsBadRequest -- Time elapsed: 0.275 s <<< FAILURE!
java.lang.AssertionError: Status expected:<409> but was:<500>
	at org.springframework.test.util.AssertionErrors.fail(AssertionErrors.java:59)
	at org.springframework.test.util.AssertionErrors.assertEquals(AssertionErrors.java:122)
	at org.springframework.test.web.servlet.result.StatusResultMatchers.lambda$matcher$9(StatusResultMatchers.java:637)
	at org.springframework.test.web.servlet.MockMvc$1.andExpect(MockMvc.java:214)
	at com.jsonplaceholder.controller.AuthControllerIntegrationTest.register_DuplicateEmail_ReturnsBadRequest(AuthControllerIntegrationTest.java:97)
	at java.base/java.lang.reflect.Method.invoke(Method.java:569)
	at java.base/java.util.ArrayList.forEach(ArrayList.java:1511)
	at java.base/java.util.ArrayList.forEach(ArrayList.java:1511)

com.jsonplaceholder.controller.AuthControllerIntegrationTest.register_ValidRequest_ReturnsTokenAndUser -- Time elapsed: 0.451 s <<< ERROR!
com.fasterxml.jackson.databind.exc.InvalidDefinitionException: 
Cannot construct instance of `com.jsonplaceholder.dto.AuthResponseDto` (no Creators, like default constructor, exist): cannot deserialize from Object value (no delegate- or property-based Creator)
 at [Source: (String)"{"token":"eyJhbGciOiJIUzM4NCJ9.eyJzdWIiOiJ0ZXN0QGV4YW1wbGUuY29tIiwiaWF0IjoxNzQ5ODQwNDYxLCJleHAiOjE3NDk5MjY4NjF9.GVgxMdeE1aKPXbpC43d5myienXACAShSb_y_L16p1brquFGA6HwmJoc6ZAU8SNTd","type":"Bearer","user":{"id":5,"name":"testuser","username":"testuser","email":"test@example.com","address":null,"phone":"","website":"","company":null}}"; line: 1, column: 2]
	at com.fasterxml.jackson.databind.exc.InvalidDefinitionException.from(InvalidDefinitionException.java:67)
	at com.fasterxml.jackson.databind.DeserializationContext.reportBadDefinition(DeserializationContext.java:1915)
	at com.fasterxml.jackson.databind.DatabindContext.reportBadDefinition(DatabindContext.java:414)
	at com.fasterxml.jackson.databind.DeserializationContext.handleMissingInstantiator(DeserializationContext.java:1360)
	at com.fasterxml.jackson.databind.deser.BeanDeserializerBase.deserializeFromObjectUsingNonDefault(BeanDeserializerBase.java:1434)
	at com.fasterxml.jackson.databind.deser.BeanDeserializer.deserializeFromObject(BeanDeserializer.java:352)
	at com.fasterxml.jackson.databind.deser.BeanDeserializer.deserialize(BeanDeserializer.java:185)
	at com.fasterxml.jackson.databind.deser.DefaultDeserializationContext.readRootValue(DefaultDeserializationContext.java:323)
	at com.fasterxml.jackson.databind.ObjectMapper._readMapAndClose(ObjectMapper.java:4825)
	at com.fasterxml.jackson.databind.ObjectMapper.readValue(ObjectMapper.java:3772)
	at com.fasterxml.jackson.databind.ObjectMapper.readValue(ObjectMapper.java:3740)
	at com.jsonplaceholder.controller.AuthControllerIntegrationTest.register_ValidRequest_ReturnsTokenAndUser(AuthControllerIntegrationTest.java:65)
	at java.base/java.lang.reflect.Method.invoke(Method.java:569)
	at java.base/java.util.ArrayList.forEach(ArrayList.java:1511)
	at java.base/java.util.ArrayList.forEach(ArrayList.java:1511)

com.jsonplaceholder.controller.AuthControllerIntegrationTest.login_ValidCredentials_ReturnsTokenAndUser -- Time elapsed: 0.336 s <<< ERROR!
com.fasterxml.jackson.databind.exc.InvalidDefinitionException: 
Cannot construct instance of `com.jsonplaceholder.dto.AuthResponseDto` (no Creators, like default constructor, exist): cannot deserialize from Object value (no delegate- or property-based Creator)
 at [Source: (String)"{"token":"eyJhbGciOiJIUzM4NCJ9.eyJzdWIiOiJ0ZXN0QGV4YW1wbGUuY29tIiwiaWF0IjoxNzQ5ODQwNDYxLCJleHAiOjE3NDk5MjY4NjF9.GVgxMdeE1aKPXbpC43d5myienXACAShSb_y_L16p1brquFGA6HwmJoc6ZAU8SNTd","type":"Bearer","user":{"id":6,"name":"testuser","username":"testuser","email":"test@example.com","address":null,"phone":"","website":"","company":null}}"; line: 1, column: 2]
	at com.fasterxml.jackson.databind.exc.InvalidDefinitionException.from(InvalidDefinitionException.java:67)
	at com.fasterxml.jackson.databind.DeserializationContext.reportBadDefinition(DeserializationContext.java:1915)
	at com.fasterxml.jackson.databind.DatabindContext.reportBadDefinition(DatabindContext.java:414)
	at com.fasterxml.jackson.databind.DeserializationContext.handleMissingInstantiator(DeserializationContext.java:1360)
	at com.fasterxml.jackson.databind.deser.BeanDeserializerBase.deserializeFromObjectUsingNonDefault(BeanDeserializerBase.java:1434)
	at com.fasterxml.jackson.databind.deser.BeanDeserializer.deserializeFromObject(BeanDeserializer.java:352)
	at com.fasterxml.jackson.databind.deser.BeanDeserializer.deserialize(BeanDeserializer.java:185)
	at com.fasterxml.jackson.databind.deser.DefaultDeserializationContext.readRootValue(DefaultDeserializationContext.java:323)
	at com.fasterxml.jackson.databind.ObjectMapper._readMapAndClose(ObjectMapper.java:4825)
	at com.fasterxml.jackson.databind.ObjectMapper.readValue(ObjectMapper.java:3772)
	at com.fasterxml.jackson.databind.ObjectMapper.readValue(ObjectMapper.java:3740)
	at com.jsonplaceholder.controller.AuthControllerIntegrationTest.login_ValidCredentials_ReturnsTokenAndUser(AuthControllerIntegrationTest.java:125)
	at java.base/java.lang.reflect.Method.invoke(Method.java:569)
	at java.base/java.util.ArrayList.forEach(ArrayList.java:1511)
	at java.base/java.util.ArrayList.forEach(ArrayList.java:1511)

