<?xml version="1.0" encoding="UTF-8"?>
<testsuite xmlns:xsi="http://www.w3.org/2001/XMLSchema-instance" xsi:noNamespaceSchemaLocation="https://maven.apache.org/surefire/maven-surefire-plugin/xsd/surefire-test-report-3.0.xsd" version="3.0" name="com.jsonplaceholder.config.SecurityConfigTest" time="3.332" tests="3" errors="0" skipped="0" failures="2">
  <properties>
[...]
</properties>
  <testcase name="swaggerEndpoints_ShouldBeAccessible" classname="com.jsonplaceholder.config.SecurityConfigTest" time="0.239">
    <failure message="Status expected:&lt;200&gt; but was:&lt;500&gt;" type="java.lang.AssertionError"><![CDATA[java.lang.AssertionError: Status expected:<200> but was:<500>
	at org.springframework.test.util.AssertionErrors.fail(AssertionErrors.java:59)
	at org.springframework.test.util.AssertionErrors.assertEquals(AssertionErrors.java:122)
	at org.springframework.test.web.servlet.result.StatusResultMatchers.lambda$matcher$9(StatusResultMatchers.java:637)
	at org.springframework.test.web.servlet.MockMvc$1.andExpect(MockMvc.java:214)
	at com.jsonplaceholder.config.SecurityConfigTest.swaggerEndpoints_ShouldBeAccessible(SecurityConfigTest.java:56)
	at java.base/java.lang.reflect.Method.invoke(Method.java:569)
	at java.base/java.util.ArrayList.forEach(ArrayList.java:1511)
	at java.base/java.util.ArrayList.forEach(ArrayList.java:1511)
]]></failure>
    <system-out><![CDATA[2025-06-13T21:47:36.237+03:00  INFO 49111 --- [           main] t.c.s.AnnotationConfigContextLoaderUtils : Could not detect default configuration classes for test class [com.jsonplaceholder.config.SecurityConfigTest]: SecurityConfigTest does not declare any static, non-private, non-final, nested classes annotated with @Configuration.
2025-06-13T21:47:36.291+03:00  INFO 49111 --- [           main] .b.t.c.SpringBootTestContextBootstrapper : Found @SpringBootConfiguration com.jsonplaceholder.JsonplaceholderCloneApplication for test class com.jsonplaceholder.config.SecurityConfigTest

  .   ____          _            __ _ _
 /\\ / ___'_ __ _ _(_)_ __  __ _ \ \ \ \
( ( )\___ | '_ | '_| | '_ \/ _` | \ \ \ \
 \\/  ___)| |_)| | | | | || (_| |  ) ) ) )
  '  |____| .__|_| |_|_| |_\__, | / / / /
 =========|_|==============|___/=/_/_/_/
 :: Spring Boot ::                (v3.2.3)

2025-06-13T21:47:36.383+03:00  INFO 49111 --- [           main] c.j.config.SecurityConfigTest            : Starting SecurityConfigTest using Java 17.0.15 with PID 49111 (started by vladk in /home/vladk/Documents/projects/work/aiHM2)
2025-06-13T21:47:36.383+03:00  INFO 49111 --- [           main] c.j.config.SecurityConfigTest            : The following 1 profile is active: "test"
2025-06-13T21:47:36.914+03:00  INFO 49111 --- [           main] .s.d.r.c.RepositoryConfigurationDelegate : Bootstrapping Spring Data JPA repositories in DEFAULT mode.
2025-06-13T21:47:36.947+03:00  INFO 49111 --- [           main] .s.d.r.c.RepositoryConfigurationDelegate : Finished Spring Data repository scanning in 31 ms. Found 2 JPA repository interfaces.
2025-06-13T21:47:37.175+03:00  INFO 49111 --- [           main] o.hibernate.jpa.internal.util.LogHelper  : HHH000204: Processing PersistenceUnitInfo [name: default]
2025-06-13T21:47:37.181+03:00  INFO 49111 --- [           main] o.h.c.internal.RegionFactoryInitiator    : HHH000026: Second-level cache disabled
2025-06-13T21:47:37.189+03:00  INFO 49111 --- [           main] o.s.o.j.p.SpringPersistenceUnitInfo      : No LoadTimeWeaver setup: ignoring JPA class transformer
2025-06-13T21:47:37.191+03:00  INFO 49111 --- [           main] com.zaxxer.hikari.HikariDataSource       : HikariPool-2 - Starting...
2025-06-13T21:47:37.193+03:00  INFO 49111 --- [           main] com.zaxxer.hikari.pool.HikariPool        : HikariPool-2 - Added connection conn10: url=jdbc:h2:mem:testdb user=SA
2025-06-13T21:47:37.193+03:00  INFO 49111 --- [           main] com.zaxxer.hikari.HikariDataSource       : HikariPool-2 - Start completed.
2025-06-13T21:47:37.420+03:00  INFO 49111 --- [           main] o.h.e.t.j.p.i.JtaPlatformInitiator       : HHH000489: No JTA platform available (set 'hibernate.transaction.jta.platform' to enable JTA platform integration)
Hibernate: 
    drop table if exists address cascade 
Hibernate: 
    drop table if exists auth cascade 
Hibernate: 
    drop table if exists company cascade 
Hibernate: 
    drop table if exists geo cascade 
Hibernate: 
    drop table if exists users cascade 
Hibernate: 
    create table address (
        geo_id bigint unique,
        id bigint generated by default as identity,
        city varchar(255) not null,
        street varchar(255) not null,
        suite varchar(255) not null,
        zipcode varchar(255) not null,
        primary key (id)
    )
Hibernate: 
    create table auth (
        created_at timestamp(6) with time zone not null,
        id bigint generated by default as identity,
        updated_at timestamp(6) with time zone not null,
        email varchar(255) not null unique,
        password_hash varchar(255) not null,
        username varchar(255) not null,
        primary key (id)
    )
Hibernate: 
    create table company (
        id bigint generated by default as identity,
        bs varchar(255) not null,
        catch_phrase varchar(255) not null,
        name varchar(255) not null,
        primary key (id)
    )
Hibernate: 
    create table geo (
        id bigint generated by default as identity,
        lat varchar(255) not null,
        lng varchar(255) not null,
        primary key (id)
    )
Hibernate: 
    create table users (
        address_id bigint unique,
        company_id bigint unique,
        created_at timestamp(6) with time zone not null,
        id bigint generated by default as identity,
        updated_at timestamp(6) with time zone not null,
        email varchar(255) not null unique,
        name varchar(255) not null,
        phone varchar(255) not null,
        username varchar(255) not null unique,
        website varchar(255) not null,
        primary key (id)
    )
Hibernate: 
    alter table if exists address 
       add constraint FKco48e3q5mlq831ijyssn2t25q 
       foreign key (geo_id) 
       references geo
Hibernate: 
    alter table if exists users 
       add constraint FKditu6lr4ek16tkxtdsne0gxib 
       foreign key (address_id) 
       references address
Hibernate: 
    alter table if exists users 
       add constraint FKbwv4uspmyi7xqjwcrgxow361t 
       foreign key (company_id) 
       references company
2025-06-13T21:47:37.453+03:00  INFO 49111 --- [           main] j.LocalContainerEntityManagerFactoryBean : Initialized JPA EntityManagerFactory for persistence unit 'default'
2025-06-13T21:47:37.864+03:00  WARN 49111 --- [           main] JpaBaseConfiguration$JpaWebConfiguration : spring.jpa.open-in-view is enabled by default. Therefore, database queries may be performed during view rendering. Explicitly configure spring.jpa.open-in-view to disable this warning
2025-06-13T21:47:38.143+03:00  INFO 49111 --- [           main] o.s.s.web.DefaultSecurityFilterChain     : Will secure any request with [org.springframework.security.web.session.DisableEncodeUrlFilter@1f6865ca, org.springframework.security.web.context.request.async.WebAsyncManagerIntegrationFilter@6044311a, org.springframework.security.web.context.SecurityContextHolderFilter@509cf379, org.springframework.security.web.header.HeaderWriterFilter@4b5c84be, org.springframework.web.filter.CorsFilter@7416b560, org.springframework.security.web.authentication.logout.LogoutFilter@4936dca9, com.jsonplaceholder.security.JwtAuthenticationFilter@7625bfbd, org.springframework.security.web.savedrequest.RequestCacheAwareFilter@4f517209, org.springframework.security.web.servletapi.SecurityContextHolderAwareRequestFilter@60877629, org.springframework.security.web.authentication.AnonymousAuthenticationFilter@53d782b0, org.springframework.security.web.session.SessionManagementFilter@404bca88, org.springframework.security.web.access.ExceptionTranslationFilter@439b893a, org.springframework.security.web.access.intercept.AuthorizationFilter@56de370d]
2025-06-13T21:47:38.539+03:00  INFO 49111 --- [           main] o.s.b.t.m.w.SpringBootMockServletContext : Initializing Spring TestDispatcherServlet ''
2025-06-13T21:47:38.540+03:00  INFO 49111 --- [           main] o.s.t.web.servlet.TestDispatcherServlet  : Initializing Servlet ''
2025-06-13T21:47:38.542+03:00  INFO 49111 --- [           main] o.s.t.web.servlet.TestDispatcherServlet  : Completed initialization in 2 ms
2025-06-13T21:47:38.573+03:00  INFO 49111 --- [           main] c.j.config.SecurityConfigTest            : Started SecurityConfigTest in 2.271 seconds (process running for 13.276)

MockHttpServletRequest:
      HTTP Method = GET
      Request URI = /swagger-ui/index.html
       Parameters = {}
          Headers = []
             Body = null
    Session Attrs = {}

Handler:
             Type = org.springframework.web.servlet.resource.ResourceHttpRequestHandler

Async:
    Async started = false
     Async result = null

Resolved Exception:
             Type = org.springframework.web.servlet.resource.NoResourceFoundException

ModelAndView:
        View name = null
             View = null
            Model = null

FlashMap:
       Attributes = null

MockHttpServletResponse:
           Status = 500
    Error message = null
          Headers = [Vary:"Origin", "Access-Control-Request-Method", "Access-Control-Request-Headers", Content-Disposition:"inline;filename=f.txt", Content-Type:"application/json", X-Content-Type-Options:"nosniff", X-XSS-Protection:"0", Cache-Control:"no-cache, no-store, max-age=0, must-revalidate", Pragma:"no-cache", Expires:"0", X-Frame-Options:"DENY"]
     Content type = application/json
             Body = {"error":"An unexpected error occurred"}
    Forwarded URL = null
   Redirected URL = null
          Cookies = []
]]></system-out>
  </testcase>
  <testcase name="protectedEndpoints_ShouldRequireAuthentication" classname="com.jsonplaceholder.config.SecurityConfigTest" time="0.027"/>
  <testcase name="publicEndpoints_ShouldBeAccessible" classname="com.jsonplaceholder.config.SecurityConfigTest" time="0.693">
    <failure message="Status expected:&lt;401&gt; but was:&lt;400&gt;" type="java.lang.AssertionError"><![CDATA[java.lang.AssertionError: Status expected:<401> but was:<400>
	at org.springframework.test.util.AssertionErrors.fail(AssertionErrors.java:59)
	at org.springframework.test.util.AssertionErrors.assertEquals(AssertionErrors.java:122)
	at org.springframework.test.web.servlet.result.StatusResultMatchers.lambda$matcher$9(StatusResultMatchers.java:637)
	at org.springframework.test.web.servlet.MockMvc$1.andExpect(MockMvc.java:214)
	at com.jsonplaceholder.config.SecurityConfigTest.publicEndpoints_ShouldBeAccessible(SecurityConfigTest.java:34)
	at java.base/java.lang.reflect.Method.invoke(Method.java:569)
	at java.base/java.util.ArrayList.forEach(ArrayList.java:1511)
	at java.base/java.util.ArrayList.forEach(ArrayList.java:1511)
]]></failure>
    <system-out><![CDATA[Hibernate: 
    select
        a1_0.id 
    from
        auth a1_0 
    where
        a1_0.email=? 
    fetch
        first ? rows only
Hibernate: 
    insert 
    into
        auth
        (created_at, email, password_hash, updated_at, username, id) 
    values
        (?, ?, ?, ?, ?, default)
Hibernate: 
    insert 
    into
        users
        (address_id, company_id, created_at, email, name, phone, updated_at, username, website, id) 
    values
        (?, ?, ?, ?, ?, ?, ?, ?, ?, default)
Hibernate: 
    select
        a1_0.id,
        a1_0.created_at,
        a1_0.email,
        a1_0.password_hash,
        a1_0.updated_at,
        a1_0.username 
    from
        auth a1_0 
    where
        a1_0.email=?

MockHttpServletRequest:
      HTTP Method = POST
      Request URI = /api/auth/register
       Parameters = {}
          Headers = [Content-Type:"application/json;charset=UTF-8", Content-Length:"71"]
             Body = {"username":"test","email":"test@example.com","password":"password123"}
    Session Attrs = {}

Handler:
             Type = com.jsonplaceholder.controller.AuthController
           Method = com.jsonplaceholder.controller.AuthController#register(AuthRequestDto)

Async:
    Async started = false
     Async result = null

Resolved Exception:
             Type = null

ModelAndView:
        View name = null
             View = null
            Model = null

FlashMap:
       Attributes = null

MockHttpServletResponse:
           Status = 200
    Error message = null
          Headers = [Vary:"Origin", "Access-Control-Request-Method", "Access-Control-Request-Headers", Content-Type:"application/json", X-Content-Type-Options:"nosniff", X-XSS-Protection:"0", Cache-Control:"no-cache, no-store, max-age=0, must-revalidate", Pragma:"no-cache", Expires:"0", X-Frame-Options:"DENY"]
     Content type = application/json
             Body = {"token":"eyJhbGciOiJIUzM4NCJ9.eyJzdWIiOiJ0ZXN0QGV4YW1wbGUuY29tIiwiaWF0IjoxNzQ5ODQwNDU5LCJleHAiOjE3NDk5MjY4NTl9.KwwTcxEEUAgpb4AwXf0wPKaKmrXFZ477dP-rzTCZc7ipAPTrdowWDog-vJ6iH5iw","type":"Bearer","user":{"id":1,"name":"test","username":"test","email":"test@example.com","address":null,"phone":"","website":"","company":null}}
    Forwarded URL = null
   Redirected URL = null
          Cookies = []

MockHttpServletRequest:
      HTTP Method = POST
      Request URI = /api/auth/login
       Parameters = {}
          Headers = [Content-Type:"application/json;charset=UTF-8", Content-Length:"53"]
             Body = {"email":"test@example.com","password":"password123"}
    Session Attrs = {}

Handler:
             Type = com.jsonplaceholder.controller.AuthController
           Method = com.jsonplaceholder.controller.AuthController#login(AuthRequestDto)

Async:
    Async started = false
     Async result = null

Resolved Exception:
             Type = org.springframework.web.bind.MethodArgumentNotValidException

ModelAndView:
        View name = null
             View = null
            Model = null

FlashMap:
       Attributes = null

MockHttpServletResponse:
           Status = 400
    Error message = null
          Headers = [Vary:"Origin", "Access-Control-Request-Method", "Access-Control-Request-Headers", Content-Type:"application/json", X-Content-Type-Options:"nosniff", X-XSS-Protection:"0", Cache-Control:"no-cache, no-store, max-age=0, must-revalidate", Pragma:"no-cache", Expires:"0", X-Frame-Options:"DENY"]
     Content type = application/json
             Body = {"username":"Username is required"}
    Forwarded URL = null
   Redirected URL = null
          Cookies = []
]]></system-out>
  </testcase>
</testsuite>